<?xml version="1.0" encoding="UTF-8"?>
<testng-results ignored="0" total="1" passed="1" failed="0" skipped="0">
  <reporter-output>
  </reporter-output>
  <suite started-at="2023-04-27T14:37:32Z" name="Default suite" finished-at="2023-04-27T14:38:59Z" duration-ms="87308">
    <groups>
    </groups>
    <test started-at="2023-04-27T14:37:32Z" name="Default test" finished-at="2023-04-27T14:38:59Z" duration-ms="87308">
      <class name="KSKAcademy.ExtentReports.ExtentReportDemo">
        <test-method is-config="true" signature="config()[pri:0, instance:KSKAcademy.ExtentReports.ExtentReportDemo@1fb669c3]" started-at="2023-04-27T14:37:32Z" name="config" finished-at="2023-04-27T14:37:32Z" duration-ms="442" status="PASS">
          <reporter-output>
          </reporter-output>
        </test-method> <!-- config -->
        <test-method signature="initialDemo()[pri:0, instance:KSKAcademy.ExtentReports.ExtentReportDemo@1fb669c3]" started-at="2023-04-27T14:37:32Z" name="initialDemo" finished-at="2023-04-27T14:38:59Z" duration-ms="86835" status="PASS">
          <reporter-output>
          </reporter-output>
        </test-method> <!-- initialDemo -->
      </class> <!-- KSKAcademy.ExtentReports.ExtentReportDemo -->
    </test> <!-- Default test -->
  </suite> <!-- Default suite -->
</testng-results>
